Unity Editor version:    2021.3.14f1 (eee1884e7226)
Branch:                  2021.3/staging
Build type:              Release
Batch mode:              YES
macOS version:           Version 14.0 (Build 23A344)
Darwin version:          23.0.0
Architecture:            x86_64
Running under Rosetta:   NO
Available memory:        16384 MB
Using pre-set license
Pro License: YES

COMMAND LINE ARGUMENTS:
/Applications/Unity/Hub/Editor/2021.3.14f1/Unity.app/Contents/MacOS/Unity
-adb2
-batchMode
-noUpm
-name
AssetImportWorker1
-projectPath
/Users/apple/Desktop/VR AR/6998-Final-Project
-logFile
Logs/AssetImportWorker1.log
-srvPort
61404
Successfully changed project path to: /Users/apple/Desktop/VR AR/6998-Final-Project
/Users/apple/Desktop/VR AR/6998-Final-Project
[UnityMemory] Configuration Parameters - Can be set up in boot.config
    "memorysetup-bucket-allocator-granularity=16"
    "memorysetup-bucket-allocator-bucket-count=8"
    "memorysetup-bucket-allocator-block-size=33554432"
    "memorysetup-bucket-allocator-block-count=8"
    "memorysetup-main-allocator-block-size=16777216"
    "memorysetup-thread-allocator-block-size=16777216"
    "memorysetup-gfx-main-allocator-block-size=16777216"
    "memorysetup-gfx-thread-allocator-block-size=16777216"
    "memorysetup-cache-allocator-block-size=4194304"
    "memorysetup-typetree-allocator-block-size=2097152"
    "memorysetup-profiler-bucket-allocator-granularity=16"
    "memorysetup-profiler-bucket-allocator-bucket-count=8"
    "memorysetup-profiler-bucket-allocator-block-size=33554432"
    "memorysetup-profiler-bucket-allocator-block-count=8"
    "memorysetup-profiler-allocator-block-size=16777216"
    "memorysetup-profiler-editor-allocator-block-size=1048576"
    "memorysetup-temp-allocator-size-main=16777216"
    "memorysetup-job-temp-allocator-block-size=2097152"
    "memorysetup-job-temp-allocator-block-size-background=1048576"
    "memorysetup-job-temp-allocator-reduction-small-platforms=262144"
    "memorysetup-temp-allocator-size-background-worker=32768"
    "memorysetup-temp-allocator-size-job-worker=262144"
    "memorysetup-temp-allocator-size-preload-manager=33554432"
    "memorysetup-temp-allocator-size-nav-mesh-worker=65536"
    "memorysetup-temp-allocator-size-audio-worker=65536"
    "memorysetup-temp-allocator-size-cloud-worker=32768"
    "memorysetup-temp-allocator-size-gi-baking-worker=262144"
    "memorysetup-temp-allocator-size-gfx=262144"
Refreshing native plugins compatible for Editor in 910.42 ms, found 8 plugins.
Plugins: Couldn't open Assets/Oculus/Spatializer/Plugins/AudioPluginOculusSpatializer.bundle/Contents/MacOS/AudioPluginOculusSpatializer, error: dlopen(Assets/Oculus/Spatializer/Plugins/AudioPluginOculusSpatializer.bundle/Contents/MacOS/AudioPluginOculusSpatializer, 0x0002): Library not loaded: @rpath/libthird-party_pffft_pffft.dylib
  Referenced from: <CE136E4E-7D43-382C-A1D3-196C3170EB0E> /Users/apple/Desktop/VR AR/6998-Final-Project/Assets/Oculus/Spatializer/Plugins/AudioPluginOculusSpatializer.bundle/Contents/MacOS/AudioPluginOculusSpatializer
  Reason: tried: '/Applications/Unity/Hub/Editor/2021.3.14f1/Unity.app/Contents/Frameworks/libthird-party_pffft_pffft.dylib' (no such file), '/Applications/Unity/Hub/Editor/2021.3.14f1/Unity.app/Contents/Frameworks/libthird-party_pffft_pffft.dylib' (no such file), '/usr/local/lib/libthird-party_pffft_pffft.dylib' (no such file), '/usr/lib/libthird-party_pffft_pffft.dylib' (no such file, not in dyld cache)
Preloading 1 native plugins for Editor in 2.87 ms.
Initialize engine version: 2021.3.14f1 (eee1884e7226)
[Subsystems] Discovering subsystems at path /Applications/Unity/Hub/Editor/2021.3.14f1/Unity.app/Contents/Resources/UnitySubsystems
[Subsystems] Discovering subsystems at path /Users/apple/Desktop/VR AR/6998-Final-Project/Assets
GfxDevice: creating device client; threaded=0; jobified=0
Color LCD preferred device: Intel(R) Iris(TM) Plus Graphics (low power)
Metal devices available: 1
0: Intel(R) Iris(TM) Plus Graphics (low power)
Using device Intel(R) Iris(TM) Plus Graphics (low power)
Initializing Metal device caps: Intel(R) Iris(TM) Plus Graphics
Shader 'Oculus/OVRMRCameraFrameLit': fallback shader 'Alpha-Diffuse' not found
Initialize mono
Mono path[0] = '/Applications/Unity/Hub/Editor/2021.3.14f1/Unity.app/Contents/Managed'
Mono path[1] = '/Applications/Unity/Hub/Editor/2021.3.14f1/Unity.app/Contents/MonoBleedingEdge/lib/mono/unityjit-macos'
Mono config path = '/Applications/Unity/Hub/Editor/2021.3.14f1/Unity.app/Contents/MonoBleedingEdge/etc'
Using monoOptions --debugger-agent=transport=dt_socket,embedding=1,server=y,suspend=n,address=127.0.0.1:56656
Begin MonoManager ReloadAssembly
Registering precompiled unity dll's ...
Register platform support module: /Applications/Unity/Hub/Editor/2021.3.14f1/Unity.app/Contents/PlaybackEngines/MacStandaloneSupport/UnityEditor.OSXStandalone.Extensions.dll
Register platform support module: /Applications/Unity/Hub/Editor/2021.3.14f1/PlaybackEngines/AndroidPlayer/UnityEditor.Android.Extensions.dll
Registered in 0.008375 seconds.
Native extension for Android target not found
Native extension for OSXStandalone target not found
Refreshing native plugins compatible for Editor in 190.37 ms, found 8 plugins.
Plugins: Couldn't open /Users/apple/Desktop/VR AR/6998-Final-Project/Assets/Oculus/Spatializer/Plugins/AudioPluginOculusSpatializer.bundle/Contents/MacOS/AudioPluginOculusSpatializer, error: dlopen(/Users/apple/Desktop/VR AR/6998-Final-Project/Assets/Oculus/Spatializer/Plugins/AudioPluginOculusSpatializer.bundle/Contents/MacOS/AudioPluginOculusSpatializer, 0x0002): Library not loaded: @rpath/libthird-party_pffft_pffft.dylib
  Referenced from: <CE136E4E-7D43-382C-A1D3-196C3170EB0E> /Users/apple/Desktop/VR AR/6998-Final-Project/Assets/Oculus/Spatializer/Plugins/AudioPluginOculusSpatializer.bundle/Contents/MacOS/AudioPluginOculusSpatializer
  Reason: tried: '/Applications/Unity/Hub/Editor/2021.3.14f1/Unity.app/Contents/Frameworks/libthird-party_pffft_pffft.dylib' (no such file), '/Applications/Unity/Hub/Editor/2021.3.14f1/Unity.app/Contents/Frameworks/libthird-party_pffft_pffft.dylib' (no such file), '/usr/local/lib/libthird-party_pffft_pffft.dylib' (no such file), '/usr/lib/libthird-party_pffft_pffft.dylib' (no such file, not in dyld cache)
Preloading 1 native plugins for Editor in 0.82 ms.
Mono: successfully reloaded assembly
- Completed reload, in  1.198 seconds
Domain Reload Profiling:
	ReloadAssembly (1199ms)
		BeginReloadAssembly (196ms)
			ExecutionOrderSort (0ms)
			DisableScriptedObjects (0ms)
			BackupInstance (0ms)
			ReleaseScriptingObjects (0ms)
			CreateAndSetChildDomain (1ms)
		EndReloadAssembly (817ms)
			LoadAssemblies (198ms)
			RebuildTransferFunctionScriptingTraits (0ms)
			SetupTypeCache (198ms)
			ReleaseScriptCaches (0ms)
			RebuildScriptCaches (49ms)
			SetupLoadedEditorAssemblies (491ms)
				LogAssemblyErrors (0ms)
				InitializePlatformSupportModulesInManaged (83ms)
				SetLoadedEditorAssemblies (1ms)
				RefreshPlugins (191ms)
				BeforeProcessingInitializeOnLoad (2ms)
				ProcessInitializeOnLoadAttributes (146ms)
				ProcessInitializeOnLoadMethodAttributes (68ms)
				AfterProcessingInitializeOnLoad (0ms)
				EditorAssembliesLoaded (0ms)
			ExecutionOrderSort2 (0ms)
			AwakeInstancesAfterBackupRestoration (0ms)
Platform modules already initialized, skipping
Registering precompiled user dll's ...
Registered in 0.063806 seconds.
Android Extension - Scanning For ADB Devices 4109 ms
Begin MonoManager ReloadAssembly
Native extension for Android target not found
Native extension for OSXStandalone target not found
Refreshing native plugins compatible for Editor in 213.94 ms, found 8 plugins.
Plugins: Couldn't open /Users/apple/Desktop/VR AR/6998-Final-Project/Assets/Oculus/Spatializer/Plugins/AudioPluginOculusSpatializer.bundle/Contents/MacOS/AudioPluginOculusSpatializer, error: dlopen(/Users/apple/Desktop/VR AR/6998-Final-Project/Assets/Oculus/Spatializer/Plugins/AudioPluginOculusSpatializer.bundle/Contents/MacOS/AudioPluginOculusSpatializer, 0x0002): Library not loaded: @rpath/libthird-party_pffft_pffft.dylib
  Referenced from: <CE136E4E-7D43-382C-A1D3-196C3170EB0E> /Users/apple/Desktop/VR AR/6998-Final-Project/Assets/Oculus/Spatializer/Plugins/AudioPluginOculusSpatializer.bundle/Contents/MacOS/AudioPluginOculusSpatializer
  Reason: tried: '/Applications/Unity/Hub/Editor/2021.3.14f1/Unity.app/Contents/Frameworks/libthird-party_pffft_pffft.dylib' (no such file), '/Applications/Unity/Hub/Editor/2021.3.14f1/Unity.app/Contents/Frameworks/libthird-party_pffft_pffft.dylib' (no such file), '/usr/local/lib/libthird-party_pffft_pffft.dylib' (no such file), '/usr/lib/libthird-party_pffft_pffft.dylib' (no such file, not in dyld cache)
Preloading 1 native plugins for Editor in 4.33 ms.
System.EntryPointNotFoundException: LoadLibraryExW assembly:<unknown assembly> type:<unknown type> member:(null)
  at (wrapper managed-to-native) Microsoft.Windows.MixedReality.DotNetWinRT.Init.LoadLibraryExW(string,intptr,uint)
  at Microsoft.Windows.MixedReality.DotNetWinRT.Init..cctor () [0x00000] in /Users/apple/Desktop/VR AR/6998-Final-Project/Library/PackageCache/com.microsoft.windows.mixedreality.dotnetwinrt@c4cffcb2b703/Editor/Microsoft.Windows.MixedReality.DotNetWinRT.Init.cs:29 
UnityEngine.StackTraceUtility:ExtractStackTrace () (at /Users/bokken/build/output/unity/unity/Runtime/Export/Scripting/StackTrace.cs:37)
UnityEngine.DebugLogHandler:LogFormat (UnityEngine.LogType,UnityEngine.Object,string,object[])
UnityEngine.Logger:Log (UnityEngine.LogType,object)
UnityEngine.Debug:LogError (object)
UnityEditor.EditorAssemblies:ProcessInitializeOnLoadAttributes (System.Type[]) (at /Users/bokken/build/output/unity/unity/Editor/Mono/EditorAssemblies.cs:130)

(Filename: /Users/bokken/build/output/unity/unity/Editor/Mono/EditorAssemblies.cs Line: 130)

DisplayProgressbar: Restoring NuGet Packages
Fallback handler could not load library /Applications/Unity/Hub/Editor/2021.3.14f1/Unity.app/Contents/Frameworks/MonoBleedingEdge/lib/MicrosoftOpenXRPlugin
Fallback handler could not load library /Applications/Unity/Hub/Editor/2021.3.14f1/Unity.app/Contents/Frameworks/MonoBleedingEdge/lib/libMicrosoftOpenXRPlugin.dylib
Fallback handler could not load library /Applications/Unity/Hub/Editor/2021.3.14f1/Unity.app/Contents/Frameworks/MonoBleedingEdge/lib/libMicrosoftOpenXRPlugin.dylib
Fallback handler could not load library /Applications/Unity/Hub/Editor/2021.3.14f1/Unity.app/Contents/Frameworks/MonoBleedingEdge/lib/libMicrosoftOpenXRPlugin.so
Fallback handler could not load library /Applications/Unity/Hub/Editor/2021.3.14f1/Unity.app/Contents/Frameworks/MonoBleedingEdge/lib/libMicrosoftOpenXRPlugin.bundle
Fallback handler could not load library /Applications/Unity/Hub/Editor/2021.3.14f1/Unity.app/Contents/Frameworks/MonoBleedingEdge/lib/MicrosoftOpenXRPlugin
Fallback handler could not load library /Applications/Unity/Hub/Editor/2021.3.14f1/Unity.app/Contents/Frameworks/MonoBleedingEdge/lib/libMicrosoftOpenXRPlugin
Fallback handler could not load library /Applications/Unity/Hub/Editor/2021.3.14f1/Unity.app/Contents/Frameworks/MonoBleedingEdge/lib/libMicrosoftOpenXRPlugin.dylib
Fallback handler could not load library /Applications/Unity/Hub/Editor/2021.3.14f1/Unity.app/Contents/Frameworks/MonoBleedingEdge/lib/libMicrosoftOpenXRPlugin.dylib
Fallback handler could not load library /Applications/Unity/Hub/Editor/2021.3.14f1/Unity.app/Contents/Frameworks/MonoBleedingEdge/lib/libMicrosoftOpenXRPlugin.so
Fallback handler could not load library /Applications/Unity/Hub/Editor/2021.3.14f1/Unity.app/Contents/Frameworks/MonoBleedingEdge/lib/libMicrosoftOpenXRPlugin.bundle
Fallback handler could not load library /Applications/Unity/Hub/Editor/2021.3.14f1/Unity.app/Contents/Frameworks/MonoBleedingEdge/lib/libMicrosoftOpenXRPlugin
Fallback handler could not load library /Applications/Unity/Hub/Editor/2021.3.14f1/Unity.app/Contents/Frameworks/MonoBleedingEdge/lib/MicrosoftOpenXRPlugin
Fallback handler could not load library /Applications/Unity/Hub/Editor/2021.3.14f1/Unity.app/Contents/Frameworks/MonoBleedingEdge/lib/libMicrosoftOpenXRPlugin.dylib
Fallback handler could not load library /Applications/Unity/Hub/Editor/2021.3.14f1/Unity.app/Contents/Frameworks/MonoBleedingEdge/lib/libMicrosoftOpenXRPlugin.dylib
Fallback handler could not load library /Applications/Unity/Hub/Editor/2021.3.14f1/Unity.app/Contents/Frameworks/MonoBleedingEdge/lib/libMicrosoftOpenXRPlugin.so
Fallback handler could not load library /Applications/Unity/Hub/Editor/2021.3.14f1/Unity.app/Contents/Frameworks/MonoBleedingEdge/lib/libMicrosoftOpenXRPlugin.bundle
Fallback handler could not load library /Applications/Unity/Hub/Editor/2021.3.14f1/Unity.app/Contents/Frameworks/MonoBleedingEdge/lib/MicrosoftOpenXRPlugin
Fallback handler could not load library /Applications/Unity/Hub/Editor/2021.3.14f1/Unity.app/Contents/Frameworks/MonoBleedingEdge/lib/libMicrosoftOpenXRPlugin
Fallback handler could not load library /Applications/Unity/Hub/Editor/2021.3.14f1/Unity.app/Contents/Frameworks/MonoBleedingEdge/lib/libMicrosoftOpenXRPlugin.dylib
Fallback handler could not load library /Applications/Unity/Hub/Editor/2021.3.14f1/Unity.app/Contents/Frameworks/MonoBleedingEdge/lib/libMicrosoftOpenXRPlugin.dylib
Fallback handler could not load library /Applications/Unity/Hub/Editor/2021.3.14f1/Unity.app/Contents/Frameworks/MonoBleedingEdge/lib/libMicrosoftOpenXRPlugin.so
Fallback handler could not load library /Applications/Unity/Hub/Editor/2021.3.14f1/Unity.app/Contents/Frameworks/MonoBleedingEdge/lib/libMicrosoftOpenXRPlugin.bundle
Fallback handler could not load library /Applications/Unity/Hub/Editor/2021.3.14f1/Unity.app/Contents/Frameworks/MonoBleedingEdge/lib/libMicrosoftOpenXRPlugin
DllNotFoundException: MicrosoftOpenXRPlugin assembly:<unknown assembly> type:<unknown type> member:(null)
  at (wrapper managed-to-native) Microsoft.MixedReality.OpenXR.NativeLib.SetPluginEnvironment(Microsoft.MixedReality.OpenXR.PluginEnvironment,string)
  at Microsoft.MixedReality.OpenXR.PluginEnvironmentSubsystem.InitializePlugin () [0x0000d] in /Users/apple/Desktop/VR AR/6998-Final-Project/Library/PackageCache/com.microsoft.mixedreality.openxr@d54292e2604a/Runtime/Subsystems/PluginEnvironment.cs:38 
  at Microsoft.MixedReality.OpenXR.OpenXRFeaturePlugin`1[TPlugin].OnEnable () [0x00006] in /Users/apple/Desktop/VR AR/6998-Final-Project/Library/PackageCache/com.microsoft.mixedreality.openxr@d54292e2604a/Runtime/FeaturePlugins/OpenXRFeaturePlugin.cs:60 
UnityEditor.EditorBuildSettings:GetConfigObject(String)
UnityEditor.EditorBuildSettings:TryGetConfigObject(String, Object&) (at /Users/bokken/build/output/unity/unity/Editor/Mono/EditorBuildSettings.bindings.cs:127)
UnityEngine.XR.OpenXR.OpenXRSettings:GetPackageSettings() (at Library/PackageCache/com.unity.xr.openxr@1.6.0/Runtime/OpenXRSettings.cs:87)
UnityEngine.XR.OpenXR.OpenXRSettings:GetSettingsForBuildTargetGroup(BuildTargetGroup) (at Library/PackageCache/com.unity.xr.openxr@1.6.0/Runtime/OpenXRSettings.cs:78)
UnityEngine.XR.OpenXR.Features.OpenXRFeature:GetFullValidationList(List`1, BuildTargetGroup) (at Library/PackageCache/com.unity.xr.openxr@1.6.0/Runtime/Features/OpenXRFeature.cs:409)
UnityEditor.XR.OpenXR.OpenXRProjectValidation:GetAllValidationIssues(List`1, BuildTargetGroup) (at Library/PackageCache/com.unity.xr.openxr@1.6.0/Runtime/OpenXRProjectValidation.cs:270)
UnityEditor.XR.OpenXR.OpenXRProjectValidationRulesSetup:AddOpenXRValidationRules() (at Library/PackageCache/com.unity.xr.openxr@1.6.0/Editor/OpenXRProjectValidationRulesSetup.cs:70)
UnityEditor.XR.OpenXR.OpenXRProjectValidationRulesSetup:OpenXRProjectValidationCheck() (at Library/PackageCache/com.unity.xr.openxr@1.6.0/Editor/OpenXRProjectValidationRulesSetup.cs:43)
System.Reflection.RuntimeMethodInfo:InternalInvoke(RuntimeMethodInfo, Object, Object[], Exception&)
System.Reflection.RuntimeMethodInfo:Invoke(Object, BindingFlags, Binder, Object[], CultureInfo)
System.Reflection.MethodBase:Invoke(Object, Object[])
UnityEditor.EditorAssemblies:ProcessInitializeOnLoadMethodAttributes() (at /Users/bokken/build/output/unity/unity/Editor/Mono/EditorAssemblies.cs:147)

(Filename: Library/PackageCache/com.microsoft.mixedreality.openxr@d54292e2604a/Runtime/Subsystems/PluginEnvironment.cs Line: 38)

Mono: successfully reloaded assembly
Package Manager log level set to [2]
- Completed reload, in  4.238 seconds
Domain Reload Profiling:
	ReloadAssembly (4240ms)
		BeginReloadAssembly (168ms)
			ExecutionOrderSort (0ms)
			DisableScriptedObjects (9ms)
			BackupInstance (0ms)
			ReleaseScriptingObjects (0ms)
			CreateAndSetChildDomain (50ms)
		EndReloadAssembly (3867ms)
			LoadAssemblies (349ms)
			RebuildTransferFunctionScriptingTraits (0ms)
			SetupTypeCache (603ms)
			ReleaseScriptCaches (6ms)
			RebuildScriptCaches (206ms)
			SetupLoadedEditorAssemblies (2591ms)
				LogAssemblyErrors (0ms)
				InitializePlatformSupportModulesInManaged (16ms)
				SetLoadedEditorAssemblies (0ms)
				RefreshPlugins (218ms)
				BeforeProcessingInitializeOnLoad (195ms)
				ProcessInitializeOnLoadAttributes (2022ms)
				ProcessInitializeOnLoadMethodAttributes (137ms)
				AfterProcessingInitializeOnLoad (2ms)
				EditorAssembliesLoaded (0ms)
			ExecutionOrderSort2 (0ms)
			AwakeInstancesAfterBackupRestoration (6ms)
Platform modules already initialized, skipping
========================================================================
Worker process is ready to serve import requests
Shader 'Oculus/OVRMRCameraFrameLit': fallback shader 'Alpha-Diffuse' not found
Launching external process: /Applications/Unity/Hub/Editor/2021.3.14f1/Unity.app/Contents/Tools/UnityShaderCompiler
Launched and connected shader compiler UnityShaderCompiler after 0.10 seconds
Refreshing native plugins compatible for Editor in 5.43 ms, found 8 plugins.
Plugins: Couldn't open /Users/apple/Desktop/VR AR/6998-Final-Project/Assets/Oculus/Spatializer/Plugins/AudioPluginOculusSpatializer.bundle/Contents/MacOS/AudioPluginOculusSpatializer, error: dlopen(/Users/apple/Desktop/VR AR/6998-Final-Project/Assets/Oculus/Spatializer/Plugins/AudioPluginOculusSpatializer.bundle/Contents/MacOS/AudioPluginOculusSpatializer, 0x0002): Library not loaded: @rpath/libthird-party_pffft_pffft.dylib
  Referenced from: <CE136E4E-7D43-382C-A1D3-196C3170EB0E> /Users/apple/Desktop/VR AR/6998-Final-Project/Assets/Oculus/Spatializer/Plugins/AudioPluginOculusSpatializer.bundle/Contents/MacOS/AudioPluginOculusSpatializer
  Reason: tried: '/Applications/Unity/Hub/Editor/2021.3.14f1/Unity.app/Contents/Frameworks/libthird-party_pffft_pffft.dylib' (no such file), '/Applications/Unity/Hub/Editor/2021.3.14f1/Unity.app/Contents/Frameworks/libthird-party_pffft_pffft.dylib' (no such file), '/usr/local/lib/libthird-party_pffft_pffft.dylib' (no such file), '/usr/lib/libthird-party_pffft_pffft.dylib' (no such file, not in dyld cache)
Preloading 1 native plugins for Editor in 1.57 ms.
Unloading 7391 Unused Serialized files (Serialized files now loaded: 0)
Unloading 138 unused Assets / (0.8 MB). Loaded Objects now: 7839.
Memory consumption went from 269.2 MB to 268.4 MB.
Total: 7.449585 ms (FindLiveObjects: 0.567792 ms CreateObjectMapping: 0.402726 ms MarkObjects: 5.711399 ms  DeleteObjects: 0.765856 ms)

AssetImportParameters requested are different than current active one (requested -> active):
  custom:video-decoder-ogg-theora: a1e56fd34408186e4bbccfd4996cb3dc -> 
  custom:container-muxer-webm: aa71ff27fc2769a1b78a27578f13a17b -> 
  custom:container-demuxer-webm: 4f35f7cbe854078d1ac9338744f61a02 -> 
  custom:video-encoder-webm-vp8: eb34c28f22e8b96e1ab97ce403110664 -> 
  custom:framework-osx-AVFoundation: e770b220cccbd017edd2c1fefb359320 -> 
  custom:audio-encoder-webm-vorbis: bf7c407c2cedff20999df2af8eb42d56 -> 
  custom:container-demuxer-ogg: 62fdf1f143b41e24485cea50d1cbac27 -> 
  custom:video-decoder-webm-vp8: 9c59270c3fd7afecdb556c50c9e8de78 -> 
  custom:audio-decoder-ogg-vorbis: bf7c407c2cedff20999df2af8eb42d56 -> 
========================================================================
Received Import Request.
  Time since last request: 372638.719828 seconds.
  path: Assets/Resources/Daco_28712.png
  artifactKey: Guid(e260343274004a348b3e0833ae93941f) Importer(815301076,1909f56bfc062723c751e8b465ee728b)
Start importing Assets/Resources/Daco_28712.png using Guid(e260343274004a348b3e0833ae93941f) Importer(815301076,1909f56bfc062723c751e8b465ee728b)  -> (artifact id: '4502393cd24080a06bda379208502639') in 2.527159 seconds 
========================================================================
Received Import Request.
  Time since last request: 0.000131 seconds.
  path: Assets/Resources/ONSPSettings.asset
  artifactKey: Guid(87178567ca3850e448e46fe5fe3a919d) Importer(815301076,1909f56bfc062723c751e8b465ee728b)
Start importing Assets/Resources/ONSPSettings.asset using Guid(87178567ca3850e448e46fe5fe3a919d) Importer(815301076,1909f56bfc062723c751e8b465ee728b)  -> (artifact id: '972c91be421fa2becc007d0afd70169b') in 1.327169 seconds 
========================================================================
Received Import Request.
  Time since last request: 0.000110 seconds.
  path: Assets/Resources/Radar Images/L410.png
  artifactKey: Guid(bc85a54e27b8eef4ba1ab681bd512fbc) Importer(815301076,1909f56bfc062723c751e8b465ee728b)
Start importing Assets/Resources/Radar Images/L410.png using Guid(bc85a54e27b8eef4ba1ab681bd512fbc) Importer(815301076,1909f56bfc062723c751e8b465ee728b)  -> (artifact id: '55ae301206786b9a169be6b3a98fc1ac') in 0.048448 seconds 
========================================================================
Received Import Request.
  Time since last request: 0.000092 seconds.
  path: Assets/Resources/Placeholder Radar Image.png
  artifactKey: Guid(9bb22a81707488946b25dea682dbc74e) Importer(815301076,1909f56bfc062723c751e8b465ee728b)
Start importing Assets/Resources/Placeholder Radar Image.png using Guid(9bb22a81707488946b25dea682dbc74e) Importer(815301076,1909f56bfc062723c751e8b465ee728b)  -> (artifact id: '9a214995b5d4661a22e16ed0bc60bafb') in 0.023270 seconds 
========================================================================
Received Import Request.
  Time since last request: 0.000123 seconds.
  path: Assets/Resources/Radar Images/L590.png
  artifactKey: Guid(137c16d0edfcb484cb9883a80a2fa39a) Importer(815301076,1909f56bfc062723c751e8b465ee728b)
Start importing Assets/Resources/Radar Images/L590.png using Guid(137c16d0edfcb484cb9883a80a2fa39a) Importer(815301076,1909f56bfc062723c751e8b465ee728b)  -> (artifact id: '564b7a5ff1daffa65cd8d6a9e8ee0d06') in 0.031711 seconds 
========================================================================
Received Import Request.
  Time since last request: 0.000098 seconds.
  path: Assets/Resources/Radar3D/FBX.fbx
  artifactKey: Guid(a2410c8a9a86a9d4e89b4ac34b4ed080) Importer(815301076,1909f56bfc062723c751e8b465ee728b)
Start importing Assets/Resources/Radar3D/FBX.fbx using Guid(a2410c8a9a86a9d4e89b4ac34b4ed080) Importer(815301076,1909f56bfc062723c751e8b465ee728b)  -> (artifact id: '8ea06eeca8c194182c8a8ddb5d066689') in 2.564837 seconds 
========================================================================
Received Import Request.
  Time since last request: 0.000249 seconds.
  path: Assets/Resources/Radar Images/L720.png
  artifactKey: Guid(a576b95b61a7d7a45b8ddebc7760dbc2) Importer(815301076,1909f56bfc062723c751e8b465ee728b)
Start importing Assets/Resources/Radar Images/L720.png using Guid(a576b95b61a7d7a45b8ddebc7760dbc2) Importer(815301076,1909f56bfc062723c751e8b465ee728b)  -> (artifact id: '4fd6f6c46cf1f10400a903980e478fad') in 0.053268 seconds 
========================================================================
Received Import Request.
  Time since last request: 0.000113 seconds.
  path: Assets/Resources/Radar Images/L270.png
  artifactKey: Guid(37896d643e015ab43823ac8a79abcad8) Importer(815301076,1909f56bfc062723c751e8b465ee728b)
Start importing Assets/Resources/Radar Images/L270.png using Guid(37896d643e015ab43823ac8a79abcad8) Importer(815301076,1909f56bfc062723c751e8b465ee728b)  -> (artifact id: '4712f6e56bcc483d03fea928716251b0') in 0.037120 seconds 
========================================================================
Received Import Request.
  Time since last request: 0.000196 seconds.
  path: Assets/Resources/Radar Images/L800.png
  artifactKey: Guid(1eec9f379c3c61547b96fbf35b8ee83c) Importer(815301076,1909f56bfc062723c751e8b465ee728b)
Start importing Assets/Resources/Radar Images/L800.png using Guid(1eec9f379c3c61547b96fbf35b8ee83c) Importer(815301076,1909f56bfc062723c751e8b465ee728b)  -> (artifact id: 'a1f12410980fb66f33f8d1fb6ebda5b1') in 0.038039 seconds 
========================================================================
Received Import Request.
  Time since last request: 0.000119 seconds.
  path: Assets/Resources/Radar3D/BEDMACHINE_DEM_IDBMG4.obj
  artifactKey: Guid(bde6f732aba2bac43a31553d611d4770) Importer(815301076,1909f56bfc062723c751e8b465ee728b)
Start importing Assets/Resources/Radar3D/BEDMACHINE_DEM_IDBMG4.obj using Guid(bde6f732aba2bac43a31553d611d4770) Importer(815301076,1909f56bfc062723c751e8b465ee728b)  -> (artifact id: '8bf43498bd3f691394a34806231b5a84') in 1.638785 seconds 
========================================================================
Received Import Request.
  Time since last request: 0.000235 seconds.
  path: Assets/Resources/Radar Images/L390.png
  artifactKey: Guid(e697f2df71e9e9240ab4701de531f817) Importer(815301076,1909f56bfc062723c751e8b465ee728b)
Start importing Assets/Resources/Radar Images/L390.png using Guid(e697f2df71e9e9240ab4701de531f817) Importer(815301076,1909f56bfc062723c751e8b465ee728b)  -> (artifact id: '4e03dbe7cbbfb99e1de260f2f5eab89a') in 0.035953 seconds 
========================================================================
Received Import Request.
  Time since last request: 0.000118 seconds.
  path: Assets/Resources/Radar Images/L610.png
  artifactKey: Guid(812fbe35213e28445af987f6c91e695f) Importer(815301076,1909f56bfc062723c751e8b465ee728b)
Start importing Assets/Resources/Radar Images/L610.png using Guid(812fbe35213e28445af987f6c91e695f) Importer(815301076,1909f56bfc062723c751e8b465ee728b)  -> (artifact id: '0d998f243fb2d1ceb461d25df60ab224') in 0.042012 seconds 
Editor requested this worker to shutdown with reason: Scaling down because of idle timeout
AssetImportWorkerClient::OnTransportError - code=2 error=End of file
AssetImportWorker is now disconnected from the server
Process exiting
