Unity Editor version:    2021.3.14f1 (eee1884e7226)
Branch:                  2021.3/staging
Build type:              Release
Batch mode:              YES
macOS version:           Version 14.0 (Build 23A344)
Darwin version:          23.0.0
Architecture:            x86_64
Running under Rosetta:   NO
Available memory:        16384 MB
Using pre-set license
Pro License: YES

COMMAND LINE ARGUMENTS:
/Applications/Unity/Hub/Editor/2021.3.14f1/Unity.app/Contents/MacOS/Unity
-adb2
-batchMode
-noUpm
-name
AssetImportWorker0
-projectPath
/Users/apple/Desktop/VR AR/6998-Final-Project
-logFile
Logs/AssetImportWorker0.log
-srvPort
51084
Successfully changed project path to: /Users/apple/Desktop/VR AR/6998-Final-Project
/Users/apple/Desktop/VR AR/6998-Final-Project
[UnityMemory] Configuration Parameters - Can be set up in boot.config
    "memorysetup-bucket-allocator-granularity=16"
    "memorysetup-bucket-allocator-bucket-count=8"
    "memorysetup-bucket-allocator-block-size=33554432"
    "memorysetup-bucket-allocator-block-count=8"
    "memorysetup-main-allocator-block-size=16777216"
    "memorysetup-thread-allocator-block-size=16777216"
    "memorysetup-gfx-main-allocator-block-size=16777216"
    "memorysetup-gfx-thread-allocator-block-size=16777216"
    "memorysetup-cache-allocator-block-size=4194304"
    "memorysetup-typetree-allocator-block-size=2097152"
    "memorysetup-profiler-bucket-allocator-granularity=16"
    "memorysetup-profiler-bucket-allocator-bucket-count=8"
    "memorysetup-profiler-bucket-allocator-block-size=33554432"
    "memorysetup-profiler-bucket-allocator-block-count=8"
    "memorysetup-profiler-allocator-block-size=16777216"
    "memorysetup-profiler-editor-allocator-block-size=1048576"
    "memorysetup-temp-allocator-size-main=16777216"
    "memorysetup-job-temp-allocator-block-size=2097152"
    "memorysetup-job-temp-allocator-block-size-background=1048576"
    "memorysetup-job-temp-allocator-reduction-small-platforms=262144"
    "memorysetup-temp-allocator-size-background-worker=32768"
    "memorysetup-temp-allocator-size-job-worker=262144"
    "memorysetup-temp-allocator-size-preload-manager=33554432"
    "memorysetup-temp-allocator-size-nav-mesh-worker=65536"
    "memorysetup-temp-allocator-size-audio-worker=65536"
    "memorysetup-temp-allocator-size-cloud-worker=32768"
    "memorysetup-temp-allocator-size-gi-baking-worker=262144"
    "memorysetup-temp-allocator-size-gfx=262144"
Refreshing native plugins compatible for Editor in 419.36 ms, found 8 plugins.
Plugins: Couldn't open Assets/Oculus/Spatializer/Plugins/AudioPluginOculusSpatializer.bundle/Contents/MacOS/AudioPluginOculusSpatializer, error: dlopen(Assets/Oculus/Spatializer/Plugins/AudioPluginOculusSpatializer.bundle/Contents/MacOS/AudioPluginOculusSpatializer, 0x0002): Library not loaded: @rpath/libthird-party_pffft_pffft.dylib
  Referenced from: <CE136E4E-7D43-382C-A1D3-196C3170EB0E> /Users/apple/Desktop/VR AR/6998-Final-Project/Assets/Oculus/Spatializer/Plugins/AudioPluginOculusSpatializer.bundle/Contents/MacOS/AudioPluginOculusSpatializer
  Reason: tried: '/Applications/Unity/Hub/Editor/2021.3.14f1/Unity.app/Contents/Frameworks/libthird-party_pffft_pffft.dylib' (no such file), '/Applications/Unity/Hub/Editor/2021.3.14f1/Unity.app/Contents/Frameworks/libthird-party_pffft_pffft.dylib' (no such file), '/usr/local/lib/libthird-party_pffft_pffft.dylib' (no such file), '/usr/lib/libthird-party_pffft_pffft.dylib' (no such file, not in dyld cache)
Preloading 1 native plugins for Editor in 1.62 ms.
Initialize engine version: 2021.3.14f1 (eee1884e7226)
[Subsystems] Discovering subsystems at path /Applications/Unity/Hub/Editor/2021.3.14f1/Unity.app/Contents/Resources/UnitySubsystems
[Subsystems] Discovering subsystems at path /Users/apple/Desktop/VR AR/6998-Final-Project/Assets
GfxDevice: creating device client; threaded=0; jobified=0
Color LCD preferred device: Intel(R) Iris(TM) Plus Graphics (low power)
Metal devices available: 1
0: Intel(R) Iris(TM) Plus Graphics (low power)
Using device Intel(R) Iris(TM) Plus Graphics (low power)
Initializing Metal device caps: Intel(R) Iris(TM) Plus Graphics
Shader 'Oculus/OVRMRCameraFrameLit': fallback shader 'Alpha-Diffuse' not found
Initialize mono
Mono path[0] = '/Applications/Unity/Hub/Editor/2021.3.14f1/Unity.app/Contents/Managed'
Mono path[1] = '/Applications/Unity/Hub/Editor/2021.3.14f1/Unity.app/Contents/MonoBleedingEdge/lib/mono/unityjit-macos'
Mono config path = '/Applications/Unity/Hub/Editor/2021.3.14f1/Unity.app/Contents/MonoBleedingEdge/etc'
Using monoOptions --debugger-agent=transport=dt_socket,embedding=1,server=y,suspend=n,address=127.0.0.1:56901
Begin MonoManager ReloadAssembly
Registering precompiled unity dll's ...
Register platform support module: /Applications/Unity/Hub/Editor/2021.3.14f1/Unity.app/Contents/PlaybackEngines/MacStandaloneSupport/UnityEditor.OSXStandalone.Extensions.dll
Register platform support module: /Applications/Unity/Hub/Editor/2021.3.14f1/PlaybackEngines/AndroidPlayer/UnityEditor.Android.Extensions.dll
Registered in 0.003636 seconds.
Native extension for Android target not found
Native extension for OSXStandalone target not found
Refreshing native plugins compatible for Editor in 321.01 ms, found 8 plugins.
Plugins: Couldn't open /Users/apple/Desktop/VR AR/6998-Final-Project/Assets/Oculus/Spatializer/Plugins/AudioPluginOculusSpatializer.bundle/Contents/MacOS/AudioPluginOculusSpatializer, error: dlopen(/Users/apple/Desktop/VR AR/6998-Final-Project/Assets/Oculus/Spatializer/Plugins/AudioPluginOculusSpatializer.bundle/Contents/MacOS/AudioPluginOculusSpatializer, 0x0002): Library not loaded: @rpath/libthird-party_pffft_pffft.dylib
  Referenced from: <CE136E4E-7D43-382C-A1D3-196C3170EB0E> /Users/apple/Desktop/VR AR/6998-Final-Project/Assets/Oculus/Spatializer/Plugins/AudioPluginOculusSpatializer.bundle/Contents/MacOS/AudioPluginOculusSpatializer
  Reason: tried: '/Applications/Unity/Hub/Editor/2021.3.14f1/Unity.app/Contents/Frameworks/libthird-party_pffft_pffft.dylib' (no such file), '/Applications/Unity/Hub/Editor/2021.3.14f1/Unity.app/Contents/Frameworks/libthird-party_pffft_pffft.dylib' (no such file), '/usr/local/lib/libthird-party_pffft_pffft.dylib' (no such file), '/usr/lib/libthird-party_pffft_pffft.dylib' (no such file, not in dyld cache)
Preloading 1 native plugins for Editor in 1.16 ms.
Mono: successfully reloaded assembly
- Completed reload, in  1.804 seconds
Domain Reload Profiling:
	ReloadAssembly (1805ms)
		BeginReloadAssembly (201ms)
			ExecutionOrderSort (0ms)
			DisableScriptedObjects (0ms)
			BackupInstance (0ms)
			ReleaseScriptingObjects (0ms)
			CreateAndSetChildDomain (2ms)
		EndReloadAssembly (1312ms)
			LoadAssemblies (200ms)
			RebuildTransferFunctionScriptingTraits (0ms)
			SetupTypeCache (338ms)
			ReleaseScriptCaches (0ms)
			RebuildScriptCaches (84ms)
			SetupLoadedEditorAssemblies (773ms)
				LogAssemblyErrors (0ms)
				InitializePlatformSupportModulesInManaged (115ms)
				SetLoadedEditorAssemblies (2ms)
				RefreshPlugins (322ms)
				BeforeProcessingInitializeOnLoad (2ms)
				ProcessInitializeOnLoadAttributes (213ms)
				ProcessInitializeOnLoadMethodAttributes (119ms)
				AfterProcessingInitializeOnLoad (0ms)
				EditorAssembliesLoaded (0ms)
			ExecutionOrderSort2 (0ms)
			AwakeInstancesAfterBackupRestoration (0ms)
Platform modules already initialized, skipping
Registering precompiled user dll's ...
Registered in 0.030987 seconds.
Android Extension - Scanning For ADB Devices 719 ms
Begin MonoManager ReloadAssembly
Native extension for Android target not found
Native extension for OSXStandalone target not found
Refreshing native plugins compatible for Editor in 293.08 ms, found 8 plugins.
Plugins: Couldn't open /Users/apple/Desktop/VR AR/6998-Final-Project/Assets/Oculus/Spatializer/Plugins/AudioPluginOculusSpatializer.bundle/Contents/MacOS/AudioPluginOculusSpatializer, error: dlopen(/Users/apple/Desktop/VR AR/6998-Final-Project/Assets/Oculus/Spatializer/Plugins/AudioPluginOculusSpatializer.bundle/Contents/MacOS/AudioPluginOculusSpatializer, 0x0002): Library not loaded: @rpath/libthird-party_pffft_pffft.dylib
  Referenced from: <CE136E4E-7D43-382C-A1D3-196C3170EB0E> /Users/apple/Desktop/VR AR/6998-Final-Project/Assets/Oculus/Spatializer/Plugins/AudioPluginOculusSpatializer.bundle/Contents/MacOS/AudioPluginOculusSpatializer
  Reason: tried: '/Applications/Unity/Hub/Editor/2021.3.14f1/Unity.app/Contents/Frameworks/libthird-party_pffft_pffft.dylib' (no such file), '/Applications/Unity/Hub/Editor/2021.3.14f1/Unity.app/Contents/Frameworks/libthird-party_pffft_pffft.dylib' (no such file), '/usr/local/lib/libthird-party_pffft_pffft.dylib' (no such file), '/usr/lib/libthird-party_pffft_pffft.dylib' (no such file, not in dyld cache)
Preloading 1 native plugins for Editor in 0.91 ms.
System.EntryPointNotFoundException: LoadLibraryExW assembly:<unknown assembly> type:<unknown type> member:(null)
  at (wrapper managed-to-native) Microsoft.Windows.MixedReality.DotNetWinRT.Init.LoadLibraryExW(string,intptr,uint)
  at Microsoft.Windows.MixedReality.DotNetWinRT.Init..cctor () [0x00000] in /Users/apple/Desktop/VR AR/6998-Final-Project/Library/PackageCache/com.microsoft.windows.mixedreality.dotnetwinrt@c4cffcb2b703/Editor/Microsoft.Windows.MixedReality.DotNetWinRT.Init.cs:29 
UnityEngine.StackTraceUtility:ExtractStackTrace () (at /Users/bokken/build/output/unity/unity/Runtime/Export/Scripting/StackTrace.cs:37)
UnityEngine.DebugLogHandler:LogFormat (UnityEngine.LogType,UnityEngine.Object,string,object[])
UnityEngine.Logger:Log (UnityEngine.LogType,object)
UnityEngine.Debug:LogError (object)
UnityEditor.EditorAssemblies:ProcessInitializeOnLoadAttributes (System.Type[]) (at /Users/bokken/build/output/unity/unity/Editor/Mono/EditorAssemblies.cs:130)

(Filename: /Users/bokken/build/output/unity/unity/Editor/Mono/EditorAssemblies.cs Line: 130)

DisplayProgressbar: Restoring NuGet Packages
Fallback handler could not load library /Applications/Unity/Hub/Editor/2021.3.14f1/Unity.app/Contents/Frameworks/MonoBleedingEdge/lib/MicrosoftOpenXRPlugin
Fallback handler could not load library /Applications/Unity/Hub/Editor/2021.3.14f1/Unity.app/Contents/Frameworks/MonoBleedingEdge/lib/libMicrosoftOpenXRPlugin.dylib
Fallback handler could not load library /Applications/Unity/Hub/Editor/2021.3.14f1/Unity.app/Contents/Frameworks/MonoBleedingEdge/lib/libMicrosoftOpenXRPlugin.dylib
Fallback handler could not load library /Applications/Unity/Hub/Editor/2021.3.14f1/Unity.app/Contents/Frameworks/MonoBleedingEdge/lib/libMicrosoftOpenXRPlugin.so
Fallback handler could not load library /Applications/Unity/Hub/Editor/2021.3.14f1/Unity.app/Contents/Frameworks/MonoBleedingEdge/lib/libMicrosoftOpenXRPlugin.bundle
Fallback handler could not load library /Applications/Unity/Hub/Editor/2021.3.14f1/Unity.app/Contents/Frameworks/MonoBleedingEdge/lib/MicrosoftOpenXRPlugin
Fallback handler could not load library /Applications/Unity/Hub/Editor/2021.3.14f1/Unity.app/Contents/Frameworks/MonoBleedingEdge/lib/libMicrosoftOpenXRPlugin
Fallback handler could not load library /Applications/Unity/Hub/Editor/2021.3.14f1/Unity.app/Contents/Frameworks/MonoBleedingEdge/lib/libMicrosoftOpenXRPlugin.dylib
Fallback handler could not load library /Applications/Unity/Hub/Editor/2021.3.14f1/Unity.app/Contents/Frameworks/MonoBleedingEdge/lib/libMicrosoftOpenXRPlugin.dylib
Fallback handler could not load library /Applications/Unity/Hub/Editor/2021.3.14f1/Unity.app/Contents/Frameworks/MonoBleedingEdge/lib/libMicrosoftOpenXRPlugin.so
Fallback handler could not load library /Applications/Unity/Hub/Editor/2021.3.14f1/Unity.app/Contents/Frameworks/MonoBleedingEdge/lib/libMicrosoftOpenXRPlugin.bundle
Fallback handler could not load library /Applications/Unity/Hub/Editor/2021.3.14f1/Unity.app/Contents/Frameworks/MonoBleedingEdge/lib/libMicrosoftOpenXRPlugin
Fallback handler could not load library /Applications/Unity/Hub/Editor/2021.3.14f1/Unity.app/Contents/Frameworks/MonoBleedingEdge/lib/MicrosoftOpenXRPlugin
Fallback handler could not load library /Applications/Unity/Hub/Editor/2021.3.14f1/Unity.app/Contents/Frameworks/MonoBleedingEdge/lib/libMicrosoftOpenXRPlugin.dylib
Fallback handler could not load library /Applications/Unity/Hub/Editor/2021.3.14f1/Unity.app/Contents/Frameworks/MonoBleedingEdge/lib/libMicrosoftOpenXRPlugin.dylib
Fallback handler could not load library /Applications/Unity/Hub/Editor/2021.3.14f1/Unity.app/Contents/Frameworks/MonoBleedingEdge/lib/libMicrosoftOpenXRPlugin.so
Fallback handler could not load library /Applications/Unity/Hub/Editor/2021.3.14f1/Unity.app/Contents/Frameworks/MonoBleedingEdge/lib/libMicrosoftOpenXRPlugin.bundle
Fallback handler could not load library /Applications/Unity/Hub/Editor/2021.3.14f1/Unity.app/Contents/Frameworks/MonoBleedingEdge/lib/MicrosoftOpenXRPlugin
Fallback handler could not load library /Applications/Unity/Hub/Editor/2021.3.14f1/Unity.app/Contents/Frameworks/MonoBleedingEdge/lib/libMicrosoftOpenXRPlugin
Fallback handler could not load library /Applications/Unity/Hub/Editor/2021.3.14f1/Unity.app/Contents/Frameworks/MonoBleedingEdge/lib/libMicrosoftOpenXRPlugin.dylib
Fallback handler could not load library /Applications/Unity/Hub/Editor/2021.3.14f1/Unity.app/Contents/Frameworks/MonoBleedingEdge/lib/libMicrosoftOpenXRPlugin.dylib
Fallback handler could not load library /Applications/Unity/Hub/Editor/2021.3.14f1/Unity.app/Contents/Frameworks/MonoBleedingEdge/lib/libMicrosoftOpenXRPlugin.so
Fallback handler could not load library /Applications/Unity/Hub/Editor/2021.3.14f1/Unity.app/Contents/Frameworks/MonoBleedingEdge/lib/libMicrosoftOpenXRPlugin.bundle
Fallback handler could not load library /Applications/Unity/Hub/Editor/2021.3.14f1/Unity.app/Contents/Frameworks/MonoBleedingEdge/lib/libMicrosoftOpenXRPlugin
DllNotFoundException: MicrosoftOpenXRPlugin assembly:<unknown assembly> type:<unknown type> member:(null)
  at (wrapper managed-to-native) Microsoft.MixedReality.OpenXR.NativeLib.SetPluginEnvironment(Microsoft.MixedReality.OpenXR.PluginEnvironment,string)
  at Microsoft.MixedReality.OpenXR.PluginEnvironmentSubsystem.InitializePlugin () [0x0000d] in /Users/apple/Desktop/VR AR/6998-Final-Project/Library/PackageCache/com.microsoft.mixedreality.openxr@d54292e2604a/Runtime/Subsystems/PluginEnvironment.cs:38 
  at Microsoft.MixedReality.OpenXR.OpenXRFeaturePlugin`1[TPlugin].OnEnable () [0x00006] in /Users/apple/Desktop/VR AR/6998-Final-Project/Library/PackageCache/com.microsoft.mixedreality.openxr@d54292e2604a/Runtime/FeaturePlugins/OpenXRFeaturePlugin.cs:60 
UnityEditor.EditorBuildSettings:GetConfigObject(String)
UnityEditor.EditorBuildSettings:TryGetConfigObject(String, Object&) (at /Users/bokken/build/output/unity/unity/Editor/Mono/EditorBuildSettings.bindings.cs:127)
UnityEngine.XR.OpenXR.OpenXRSettings:GetPackageSettings() (at Library/PackageCache/com.unity.xr.openxr@1.6.0/Runtime/OpenXRSettings.cs:87)
UnityEngine.XR.OpenXR.OpenXRSettings:GetSettingsForBuildTargetGroup(BuildTargetGroup) (at Library/PackageCache/com.unity.xr.openxr@1.6.0/Runtime/OpenXRSettings.cs:78)
UnityEngine.XR.OpenXR.Features.OpenXRFeature:GetFullValidationList(List`1, BuildTargetGroup) (at Library/PackageCache/com.unity.xr.openxr@1.6.0/Runtime/Features/OpenXRFeature.cs:409)
UnityEditor.XR.OpenXR.OpenXRProjectValidation:GetAllValidationIssues(List`1, BuildTargetGroup) (at Library/PackageCache/com.unity.xr.openxr@1.6.0/Runtime/OpenXRProjectValidation.cs:270)
UnityEditor.XR.OpenXR.OpenXRProjectValidationRulesSetup:AddOpenXRValidationRules() (at Library/PackageCache/com.unity.xr.openxr@1.6.0/Editor/OpenXRProjectValidationRulesSetup.cs:70)
UnityEditor.XR.OpenXR.OpenXRProjectValidationRulesSetup:OpenXRProjectValidationCheck() (at Library/PackageCache/com.unity.xr.openxr@1.6.0/Editor/OpenXRProjectValidationRulesSetup.cs:43)
System.Reflection.RuntimeMethodInfo:InternalInvoke(RuntimeMethodInfo, Object, Object[], Exception&)
System.Reflection.RuntimeMethodInfo:Invoke(Object, BindingFlags, Binder, Object[], CultureInfo)
System.Reflection.MethodBase:Invoke(Object, Object[])
UnityEditor.EditorAssemblies:ProcessInitializeOnLoadMethodAttributes() (at /Users/bokken/build/output/unity/unity/Editor/Mono/EditorAssemblies.cs:147)

(Filename: Library/PackageCache/com.microsoft.mixedreality.openxr@d54292e2604a/Runtime/Subsystems/PluginEnvironment.cs Line: 38)

Mono: successfully reloaded assembly
Package Manager log level set to [2]
- Completed reload, in  5.530 seconds
Domain Reload Profiling:
	ReloadAssembly (5533ms)
		BeginReloadAssembly (301ms)
			ExecutionOrderSort (0ms)
			DisableScriptedObjects (16ms)
			BackupInstance (0ms)
			ReleaseScriptingObjects (0ms)
			CreateAndSetChildDomain (69ms)
		EndReloadAssembly (4929ms)
			LoadAssemblies (509ms)
			RebuildTransferFunctionScriptingTraits (0ms)
			SetupTypeCache (976ms)
			ReleaseScriptCaches (2ms)
			RebuildScriptCaches (294ms)
			SetupLoadedEditorAssemblies (3043ms)
				LogAssemblyErrors (0ms)
				InitializePlatformSupportModulesInManaged (23ms)
				SetLoadedEditorAssemblies (1ms)
				RefreshPlugins (294ms)
				BeforeProcessingInitializeOnLoad (275ms)
				ProcessInitializeOnLoadAttributes (2257ms)
				ProcessInitializeOnLoadMethodAttributes (189ms)
				AfterProcessingInitializeOnLoad (2ms)
				EditorAssembliesLoaded (1ms)
			ExecutionOrderSort2 (0ms)
			AwakeInstancesAfterBackupRestoration (8ms)
Platform modules already initialized, skipping
========================================================================
Worker process is ready to serve import requests
Shader 'Oculus/OVRMRCameraFrameLit': fallback shader 'Alpha-Diffuse' not found
Launching external process: /Applications/Unity/Hub/Editor/2021.3.14f1/Unity.app/Contents/Tools/UnityShaderCompiler
Launched and connected shader compiler UnityShaderCompiler after 0.14 seconds
Refreshing native plugins compatible for Editor in 3.33 ms, found 8 plugins.
Plugins: Couldn't open /Users/apple/Desktop/VR AR/6998-Final-Project/Assets/Oculus/Spatializer/Plugins/AudioPluginOculusSpatializer.bundle/Contents/MacOS/AudioPluginOculusSpatializer, error: dlopen(/Users/apple/Desktop/VR AR/6998-Final-Project/Assets/Oculus/Spatializer/Plugins/AudioPluginOculusSpatializer.bundle/Contents/MacOS/AudioPluginOculusSpatializer, 0x0002): Library not loaded: @rpath/libthird-party_pffft_pffft.dylib
  Referenced from: <CE136E4E-7D43-382C-A1D3-196C3170EB0E> /Users/apple/Desktop/VR AR/6998-Final-Project/Assets/Oculus/Spatializer/Plugins/AudioPluginOculusSpatializer.bundle/Contents/MacOS/AudioPluginOculusSpatializer
  Reason: tried: '/Applications/Unity/Hub/Editor/2021.3.14f1/Unity.app/Contents/Frameworks/libthird-party_pffft_pffft.dylib' (no such file), '/Applications/Unity/Hub/Editor/2021.3.14f1/Unity.app/Contents/Frameworks/libthird-party_pffft_pffft.dylib' (no such file), '/usr/local/lib/libthird-party_pffft_pffft.dylib' (no such file), '/usr/lib/libthird-party_pffft_pffft.dylib' (no such file, not in dyld cache)
Preloading 1 native plugins for Editor in 1.19 ms.
Unloading 7391 Unused Serialized files (Serialized files now loaded: 0)
Unloading 138 unused Assets / (0.8 MB). Loaded Objects now: 7839.
Memory consumption went from 269.4 MB to 268.7 MB.
Total: 12.099830 ms (FindLiveObjects: 0.814406 ms CreateObjectMapping: 1.104370 ms MarkObjects: 8.882568 ms  DeleteObjects: 1.296781 ms)

AssetImportParameters requested are different than current active one (requested -> active):
  custom:video-decoder-ogg-theora: a1e56fd34408186e4bbccfd4996cb3dc -> 
  custom:container-muxer-webm: aa71ff27fc2769a1b78a27578f13a17b -> 
  custom:container-demuxer-webm: 4f35f7cbe854078d1ac9338744f61a02 -> 
  custom:video-encoder-webm-vp8: eb34c28f22e8b96e1ab97ce403110664 -> 
  custom:framework-osx-AVFoundation: e770b220cccbd017edd2c1fefb359320 -> 
  custom:audio-encoder-webm-vorbis: bf7c407c2cedff20999df2af8eb42d56 -> 
  custom:container-demuxer-ogg: 62fdf1f143b41e24485cea50d1cbac27 -> 
  custom:video-decoder-webm-vp8: 9c59270c3fd7afecdb556c50c9e8de78 -> 
  custom:audio-decoder-ogg-vorbis: bf7c407c2cedff20999df2af8eb42d56 -> 
========================================================================
Received Import Request.
  Time since last request: 454736.603586 seconds.
  path: Assets/MixedRealityToolkit.Generated/CustomProfiles/MyMixedRealityControllerMappingProfile.asset
  artifactKey: Guid(2c746794da03a487aae3b7e94acbe1df) Importer(815301076,1909f56bfc062723c751e8b465ee728b)
Start importing Assets/MixedRealityToolkit.Generated/CustomProfiles/MyMixedRealityControllerMappingProfile.asset using Guid(2c746794da03a487aae3b7e94acbe1df) Importer(815301076,1909f56bfc062723c751e8b465ee728b)  -> (artifact id: 'cc1aadd9c9e9749fa1ccf975450be49b') in 1.540158 seconds 
========================================================================
Received Import Request.
  Time since last request: 0.000123 seconds.
  path: Assets/MixedRealityToolkit.Generated/CustomProfiles/AntARctica MixedRealityPointerProfile.asset
  artifactKey: Guid(f991880ee4486b8498115b0c700e40cb) Importer(815301076,1909f56bfc062723c751e8b465ee728b)
Start importing Assets/MixedRealityToolkit.Generated/CustomProfiles/AntARctica MixedRealityPointerProfile.asset using Guid(f991880ee4486b8498115b0c700e40cb) Importer(815301076,1909f56bfc062723c751e8b465ee728b)  -> (artifact id: 'b6683d6d71537e23bf258d4103e7b9fe') in 0.112269 seconds 
========================================================================
Received Import Request.
  Time since last request: 18.226270 seconds.
  path: Packages/com.microsoft.mixedreality.toolkit.foundation/SDK/Profiles/DefaultMixedRealityCameraProfile.asset
  artifactKey: Guid(8089ccfdd4494cd38f676f9fc1f46a04) Importer(815301076,1909f56bfc062723c751e8b465ee728b)
Start importing Packages/com.microsoft.mixedreality.toolkit.foundation/SDK/Profiles/DefaultMixedRealityCameraProfile.asset using Guid(8089ccfdd4494cd38f676f9fc1f46a04) Importer(815301076,1909f56bfc062723c751e8b465ee728b)  -> (artifact id: 'a53c732bfef7c27a721d769d31083c73') in 0.008245 seconds 
========================================================================
Received Import Request.
  Time since last request: 0.000103 seconds.
  path: Packages/com.microsoft.mixedreality.toolkit.foundation/SDK/Profiles/DefaultMixedRealitySpeechCommandsProfile.asset
  artifactKey: Guid(e8d0393e66374dae9646851a57dc6bc1) Importer(815301076,1909f56bfc062723c751e8b465ee728b)
Start importing Packages/com.microsoft.mixedreality.toolkit.foundation/SDK/Profiles/DefaultMixedRealitySpeechCommandsProfile.asset using Guid(e8d0393e66374dae9646851a57dc6bc1) Importer(815301076,1909f56bfc062723c751e8b465ee728b)  -> (artifact id: '08ff8e32f93be4e0d2f6aa30645b3fa9') in 0.004974 seconds 
========================================================================
Received Import Request.
  Time since last request: 0.000143 seconds.
  path: Packages/com.microsoft.mixedreality.toolkit.foundation/SDK/Profiles/DefaultMixedRealityInputSimulationProfile.asset
  artifactKey: Guid(41478039094d47641bf4e09c20e61a5a) Importer(815301076,1909f56bfc062723c751e8b465ee728b)
Start importing Packages/com.microsoft.mixedreality.toolkit.foundation/SDK/Profiles/DefaultMixedRealityInputSimulationProfile.asset using Guid(41478039094d47641bf4e09c20e61a5a) Importer(815301076,1909f56bfc062723c751e8b465ee728b)  -> (artifact id: '52d82981d1cdd4afed867a5efa98f6ab') in 0.018867 seconds 
========================================================================
Received Import Request.
  Time since last request: 0.000105 seconds.
  path: Packages/com.microsoft.mixedreality.toolkit.foundation/SDK/Profiles/DefaultMixedRealityDiagnosticsProfile.asset
  artifactKey: Guid(478436bd1083882479a52d067e98e537) Importer(815301076,1909f56bfc062723c751e8b465ee728b)
Start importing Packages/com.microsoft.mixedreality.toolkit.foundation/SDK/Profiles/DefaultMixedRealityDiagnosticsProfile.asset using Guid(478436bd1083882479a52d067e98e537) Importer(815301076,1909f56bfc062723c751e8b465ee728b)  -> (artifact id: '2d7f840a8bdefa9db901a1f8a91cd648') in 0.006907 seconds 
========================================================================
Received Import Request.
  Time since last request: 0.000127 seconds.
  path: Packages/com.microsoft.mixedreality.toolkit.foundation/SDK/Profiles/ObsoleteMixedRealityXRSDKControllerVisualizationProfile.asset
  artifactKey: Guid(d9ee3d709133f504a8d76410d0135d17) Importer(815301076,1909f56bfc062723c751e8b465ee728b)
Start importing Packages/com.microsoft.mixedreality.toolkit.foundation/SDK/Profiles/ObsoleteMixedRealityXRSDKControllerVisualizationProfile.asset using Guid(d9ee3d709133f504a8d76410d0135d17) Importer(815301076,1909f56bfc062723c751e8b465ee728b)  -> (artifact id: 'adedc4b8ff30ab94dabbb482584ef4fe') in 0.029159 seconds 
========================================================================
Received Import Request.
  Time since last request: 0.000134 seconds.
  path: Packages/com.microsoft.mixedreality.toolkit.foundation/SDK/Profiles/DefaultMixedRealitySceneSystemProfile.asset
  artifactKey: Guid(069efa41032a317409790a6a08435311) Importer(815301076,1909f56bfc062723c751e8b465ee728b)
Start importing Packages/com.microsoft.mixedreality.toolkit.foundation/SDK/Profiles/DefaultMixedRealitySceneSystemProfile.asset using Guid(069efa41032a317409790a6a08435311) Importer(815301076,1909f56bfc062723c751e8b465ee728b)  -> (artifact id: '457279814a8bdd828cbeba777d9173d4') in 0.011546 seconds 
========================================================================
Received Import Request.
  Time since last request: 0.000095 seconds.
  path: Packages/com.microsoft.mixedreality.toolkit.foundation/SDK/Profiles/DefaultMixedRealityInputRecordingProfile.asset
  artifactKey: Guid(d0f5a7f6d1f9f0b4cb6eb35c797a0f04) Importer(815301076,1909f56bfc062723c751e8b465ee728b)
Start importing Packages/com.microsoft.mixedreality.toolkit.foundation/SDK/Profiles/DefaultMixedRealityInputRecordingProfile.asset using Guid(d0f5a7f6d1f9f0b4cb6eb35c797a0f04) Importer(815301076,1909f56bfc062723c751e8b465ee728b)  -> (artifact id: '21958632f2037a245ae55fcd6e56386d') in 0.005076 seconds 
========================================================================
Received Import Request.
  Time since last request: 12.085173 seconds.
  path: Packages/com.microsoft.mixedreality.toolkit.foundation/SDK/StandardAssets/Controllers/ControllerRight.prefab
  artifactKey: Guid(e2b0df939d55cdc489073d2560b1f871) Importer(815301076,1909f56bfc062723c751e8b465ee728b)
Start importing Packages/com.microsoft.mixedreality.toolkit.foundation/SDK/StandardAssets/Controllers/ControllerRight.prefab using Guid(e2b0df939d55cdc489073d2560b1f871) Importer(815301076,1909f56bfc062723c751e8b465ee728b)  -> (artifact id: '957309150769b7d462a02463a792e038') in 0.871276 seconds 
========================================================================
Received Import Request.
  Time since last request: 0.000135 seconds.
  path: Packages/com.microsoft.mixedreality.toolkit.foundation/SDK/StandardAssets/Controllers/HandSkeleton.prefab
  artifactKey: Guid(378f91dbbff9e2343b27a467467750bf) Importer(815301076,1909f56bfc062723c751e8b465ee728b)
Start importing Packages/com.microsoft.mixedreality.toolkit.foundation/SDK/StandardAssets/Controllers/HandSkeleton.prefab using Guid(378f91dbbff9e2343b27a467467750bf) Importer(815301076,1909f56bfc062723c751e8b465ee728b)  -> (artifact id: '0f4d686fad73753ce7b6b0287294a6dc') in 0.006689 seconds 
Editor requested this worker to shutdown with reason: Scaling down because of idle timeout
AssetImportWorker is now disconnected from the server
Process exiting
